<?xml version="1.0" encoding="UTF-8"?>
<testng-results skipped="0" failed="0" ignored="0" total="1" passed="1">
  <reporter-output>
  </reporter-output>
  <suite name="Default suite" duration-ms="20632" started-at="2020-06-30T08:26:47 IST" finished-at="2020-06-30T08:27:07 IST">
    <groups>
    </groups>
    <test name="Default test" duration-ms="20632" started-at="2020-06-30T08:26:47 IST" finished-at="2020-06-30T08:27:07 IST">
      <class name="com.guru.Testcases.VerifyGuruLoginValidation">
        <test-method status="PASS" signature="GuruLogin()[pri:0, instance:com.guru.Testcases.VerifyGuruLoginValidation@2b9627bc]" name="GuruLogin" duration-ms="20567" started-at="2020-06-30T08:26:47 IST" finished-at="2020-06-30T08:27:07 IST">
          <reporter-output>
          </reporter-output>
        </test-method> <!-- GuruLogin -->
      </class> <!-- com.guru.Testcases.VerifyGuruLoginValidation -->
    </test> <!-- Default test -->
  </suite> <!-- Default suite -->
</testng-results>
